# JRE version: OpenJDK Runtime Environment Temurin-17.0.13+11 (17.0.13+11) (build 17.0.13+11)
# Java VM: OpenJDK 64-Bit Server VM Temurin-17.0.13+11 (17.0.13+11, mixed mode, tiered, compressed oops, compressed class ptrs, parallel gc, windows-amd64)
GC Precious Log:
 CPUs: 12 total, 12 available
 Memory: 7581M
 Large Page Support: Disabled
 NUMA Support: Disabled
 Compressed Oops: Enabled (32-bit)
 Alignments: Space 512K, Generation 512K, Heap 2M
 Heap Min Capacity: 100M
 Heap Initial Capacity: 100M
 Heap Max Capacity: 1G
 Pre-touch: Disabled
 Parallel Workers: 10
Heap:
 PSYoungGen      total 12288K, used 9215K [0x00000000eab00000, 0x00000000eba80000, 0x0000000100000000)
  eden space 9216K, 99% used [0x00000000eab00000,0x00000000eb3ffff8,0x00000000eb400000)
  from space 3072K, 0% used [0x00000000eb700000,0x00000000eb700000,0x00000000eba00000)
  to   space 3072K, 0% used [0x00000000eb400000,0x00000000eb400000,0x00000000eb700000)
 ParOldGen       total 120320K, used 119886K [0x00000000c0000000, 0x00000000c7580000, 0x00000000eab00000)
  object space 120320K, 99% used [0x00000000c0000000,0x00000000c7513a88,0x00000000c7580000)
 Metaspace       used 61930K, committed 63040K, reserved 1114112K
  class space    used 6627K, committed 7104K, reserved 1048576K
GC Heap History (20 events):
Event: 7.123 GC heap after
{Heap after GC invocations=81 (full 20):
 PSYoungGen      total 12288K, used 8680K [0x00000000eab00000, 0x00000000eba80000, 0x0000000100000000)
  eden space 9216K, 94% used [0x00000000eab00000,0x00000000eb37a2d8,0x00000000eb400000)
  from space 3072K, 0% used [0x00000000eb700000,0x00000000eb700000,0x00000000eba00000)
  to   space 3072K, 0% used [0x00000000eb400000,0x00000000eb400000,0x00000000eb700000)
 ParOldGen       total 120320K, used 119894K [0x00000000c0000000, 0x00000000c7580000, 0x00000000eab00000)
  object space 120320K, 99% used [0x00000000c0000000,0x00000000c7515998,0x00000000c7580000)
 Metaspace       used 61928K, committed 63040K, reserved 1114112K
  class space    used 6627K, committed 7104K, reserved 1048576K
}
Event: 7.125 GC heap before
{Heap before GC invocations=82 (full 21):
 PSYoungGen      total 12288K, used 9216K [0x00000000eab00000, 0x00000000eba80000, 0x0000000100000000)
  eden space 9216K, 100% used [0x00000000eab00000,0x00000000eb400000,0x00000000eb400000)
  from space 3072K, 0% used [0x00000000eb700000,0x00000000eb700000,0x00000000eba00000)
  to   space 3072K, 0% used [0x00000000eb400000,0x00000000eb400000,0x00000000eb700000)
 ParOldGen       total 120320K, used 119894K [0x00000000c0000000, 0x00000000c7580000, 0x00000000eab00000)
  object space 120320K, 99% used [0x00000000c0000000,0x00000000c7515998,0x00000000c7580000)
 Metaspace       used 61930K, committed 63040K, reserved 1114112K
  class space    used 6627K, committed 7104K, reserved 1048576K
}
Event: 7.164 GC heap after
{Heap after GC invocations=82 (full 21):
 PSYoungGen      total 12288K, used 8790K [0x00000000eab00000, 0x00000000eba80000, 0x0000000100000000)
  eden space 9216K, 95% used [0x00000000eab00000,0x00000000eb3959c8,0x00000000eb400000)
  from space 3072K, 0% used [0x00000000eb400000,0x00000000eb400000,0x00000000eb700000)
  to   space 3072K, 0% used [0x00000000eb700000,0x00000000eb700000,0x00000000eba00000)
 ParOldGen       total 120320K, used 119892K [0x00000000c0000000, 0x00000000c7580000, 0x00000000eab00000)
  object space 120320K, 99% used [0x00000000c0000000,0x00000000c7515310,0x00000000c7580000)
 Metaspace       used 61930K, committed 63040K, reserved 1114112K
  class space    used 6627K, committed 7104K, reserved 1048576K
}
Event: 7.165 GC heap before
{Heap before GC invocations=83 (full 22):
 PSYoungGen      total 12288K, used 9216K [0x00000000eab00000, 0x00000000eba80000, 0x0000000100000000)
  eden space 9216K, 100% used [0x00000000eab00000,0x00000000eb400000,0x00000000eb400000)
  from space 3072K, 0% used [0x00000000eb400000,0x00000000eb400000,0x00000000eb700000)
  to   space 3072K, 0% used [0x00000000eb700000,0x00000000eb700000,0x00000000eba00000)
 ParOldGen       total 120320K, used 119892K [0x00000000c0000000, 0x00000000c7580000, 0x00000000eab00000)
  object space 120320K, 99% used [0x00000000c0000000,0x00000000c7515310,0x00000000c7580000)
 Metaspace       used 61930K, committed 63040K, reserved 1114112K
  class space    used 6627K, committed 7104K, reserved 1048576K
}
Event: 7.205 GC heap after
{Heap after GC invocations=83 (full 22):
 PSYoungGen      total 12288K, used 8856K [0x00000000eab00000, 0x00000000eba80000, 0x0000000100000000)
  eden space 9216K, 96% used [0x00000000eab00000,0x00000000eb3a6198,0x00000000eb400000)
  from space 3072K, 0% used [0x00000000eb700000,0x00000000eb700000,0x00000000eba00000)
  to   space 3072K, 0% used [0x00000000eb400000,0x00000000eb400000,0x00000000eb700000)
 ParOldGen       total 120320K, used 119891K [0x00000000c0000000, 0x00000000c7580000, 0x00000000eab00000)
  object space 120320K, 99% used [0x00000000c0000000,0x00000000c7514dd0,0x00000000c7580000)
 Metaspace       used 61930K, committed 63040K, reserved 1114112K
  class space    used 6627K, committed 7104K, reserved 1048576K
}
Event: 7.206 GC heap before
{Heap before GC invocations=84 (full 23):
 PSYoungGen      total 12288K, used 9215K [0x00000000eab00000, 0x00000000eba80000, 0x0000000100000000)
  eden space 9216K, 99% used [0x00000000eab00000,0x00000000eb3ffda0,0x00000000eb400000)
  from space 3072K, 0% used [0x00000000eb700000,0x00000000eb700000,0x00000000eba00000)
  to   space 3072K, 0% used [0x00000000eb400000,0x00000000eb400000,0x00000000eb700000)
 ParOldGen       total 120320K, used 119891K [0x00000000c0000000, 0x00000000c7580000, 0x00000000eab00000)
  object space 120320K, 99% used [0x00000000c0000000,0x00000000c7514dd0,0x00000000c7580000)
 Metaspace       used 61930K, committed 63040K, reserved 1114112K
  class space    used 6627K, committed 7104K, reserved 1048576K
}
Event: 7.246 GC heap after
{Heap after GC invocations=84 (full 23):
 PSYoungGen      total 12288K, used 8918K [0x00000000eab00000, 0x00000000eba80000, 0x0000000100000000)
  eden space 9216K, 96% used [0x00000000eab00000,0x00000000eb3b5980,0x00000000eb400000)
  from space 3072K, 0% used [0x00000000eb400000,0x00000000eb400000,0x00000000eb700000)
  to   space 3072K, 0% used [0x00000000eb700000,0x00000000eb700000,0x00000000eba00000)
 ParOldGen       total 120320K, used 119890K [0x00000000c0000000, 0x00000000c7580000, 0x00000000eab00000)
  object space 120320K, 99% used [0x00000000c0000000,0x00000000c7514a90,0x00000000c7580000)
 Metaspace       used 61930K, committed 63040K, reserved 1114112K
  class space    used 6627K, committed 7104K, reserved 1048576K
}
Event: 7.248 GC heap before
{Heap before GC invocations=85 (full 24):
 PSYoungGen      total 12288K, used 9215K [0x00000000eab00000, 0x00000000eba80000, 0x0000000100000000)
  eden space 9216K, 99% used [0x00000000eab00000,0x00000000eb3ffe40,0x00000000eb400000)
  from space 3072K, 0% used [0x00000000eb400000,0x00000000eb400000,0x00000000eb700000)
  to   space 3072K, 0% used [0x00000000eb700000,0x00000000eb700000,0x00000000eba00000)
 ParOldGen       total 120320K, used 119890K [0x00000000c0000000, 0x00000000c7580000, 0x00000000eab00000)
  object space 120320K, 99% used [0x00000000c0000000,0x00000000c7514a90,0x00000000c7580000)
 Metaspace       used 61930K, committed 63040K, reserved 1114112K
  class space    used 6627K, committed 7104K, reserved 1048576K
}
Event: 7.292 GC heap after
{Heap after GC invocations=85 (full 24):
 PSYoungGen      total 12288K, used 8973K [0x00000000eab00000, 0x00000000eba80000, 0x0000000100000000)
  eden space 9216K, 97% used [0x00000000eab00000,0x00000000eb3c3590,0x00000000eb400000)
  from space 3072K, 0% used [0x00000000eb700000,0x00000000eb700000,0x00000000eba00000)
  to   space 3072K, 0% used [0x00000000eb400000,0x00000000eb400000,0x00000000eb700000)
 ParOldGen       total 120320K, used 119890K [0x00000000c0000000, 0x00000000c7580000, 0x00000000eab00000)
  object space 120320K, 99% used [0x00000000c0000000,0x00000000c7514868,0x00000000c7580000)
 Metaspace       used 61930K, committed 63040K, reserved 1114112K
  class space    used 6627K, committed 7104K, reserved 1048576K
}
Event: 7.294 GC heap before
{Heap before GC invocations=86 (full 25):
 PSYoungGen      total 12288K, used 9216K [0x00000000eab00000, 0x00000000eba80000, 0x0000000100000000)
  eden space 9216K, 100% used [0x00000000eab00000,0x00000000eb400000,0x00000000eb400000)
  from space 3072K, 0% used [0x00000000eb700000,0x00000000eb700000,0x00000000eba00000)
  to   space 3072K, 0% used [0x00000000eb400000,0x00000000eb400000,0x00000000eb700000)
 ParOldGen       total 120320K, used 119890K [0x00000000c0000000, 0x00000000c7580000, 0x00000000eab00000)
  object space 120320K, 99% used [0x00000000c0000000,0x00000000c7514868,0x00000000c7580000)
 Metaspace       used 61930K, committed 63040K, reserved 1114112K
  class space    used 6627K, committed 7104K, reserved 1048576K
}
Event: 7.339 GC heap after
{Heap after GC invocations=86 (full 25):
 PSYoungGen      total 12288K, used 9001K [0x00000000eab00000, 0x00000000eba80000, 0x0000000100000000)
  eden space 9216K, 97% used [0x00000000eab00000,0x00000000eb3ca758,0x00000000eb400000)
  from space 3072K, 0% used [0x00000000eb400000,0x00000000eb400000,0x00000000eb700000)
  to   space 3072K, 0% used [0x00000000eb700000,0x00000000eb700000,0x00000000eba00000)
 ParOldGen       total 120320K, used 119889K [0x00000000c0000000, 0x00000000c7580000, 0x00000000eab00000)
  object space 120320K, 99% used [0x00000000c0000000,0x00000000c75146b8,0x00000000c7580000)
 Metaspace       used 61930K, committed 63040K, reserved 1114112K
  class space    used 6627K, committed 7104K, reserved 1048576K
}
Event: 7.341 GC heap before
{Heap before GC invocations=87 (full 26):
 PSYoungGen      total 12288K, used 9216K [0x00000000eab00000, 0x00000000eba80000, 0x0000000100000000)
  eden space 9216K, 100% used [0x00000000eab00000,0x00000000eb400000,0x00000000eb400000)
  from space 3072K, 0% used [0x00000000eb400000,0x00000000eb400000,0x00000000eb700000)
  to   space 3072K, 0% used [0x00000000eb700000,0x00000000eb700000,0x00000000eba00000)
 ParOldGen       total 120320K, used 119889K [0x00000000c0000000, 0x00000000c7580000, 0x00000000eab00000)
  object space 120320K, 99% used [0x00000000c0000000,0x00000000c75146b8,0x00000000c7580000)
 Metaspace       used 61930K, committed 63040K, reserved 1114112K
  class space    used 6627K, committed 7104K, reserved 1048576K
}
Event: 7.379 GC heap after
{Heap after GC invocations=87 (full 26):
 PSYoungGen      total 12288K, used 9039K [0x00000000eab00000, 0x00000000eba80000, 0x0000000100000000)
  eden space 9216K, 98% used [0x00000000eab00000,0x00000000eb3d3db8,0x00000000eb400000)
  from space 3072K, 0% used [0x00000000eb700000,0x00000000eb700000,0x00000000eba00000)
  to   space 3072K, 0% used [0x00000000eb400000,0x00000000eb400000,0x00000000eb700000)
 ParOldGen       total 120320K, used 119889K [0x00000000c0000000, 0x00000000c7580000, 0x00000000eab00000)
  object space 120320K, 99% used [0x00000000c0000000,0x00000000c7514548,0x00000000c7580000)
 Metaspace       used 61930K, committed 63040K, reserved 1114112K
  class space    used 6627K, committed 7104K, reserved 1048576K
}
Event: 7.380 GC heap before
{Heap before GC invocations=88 (full 27):
 PSYoungGen      total 12288K, used 9213K [0x00000000eab00000, 0x00000000eba80000, 0x0000000100000000)
  eden space 9216K, 99% used [0x00000000eab00000,0x00000000eb3ff4a8,0x00000000eb400000)
  from space 3072K, 0% used [0x00000000eb700000,0x00000000eb700000,0x00000000eba00000)
  to   space 3072K, 0% used [0x00000000eb400000,0x00000000eb400000,0x00000000eb700000)
 ParOldGen       total 120320K, used 119889K [0x00000000c0000000, 0x00000000c7580000, 0x00000000eab00000)
  object space 120320K, 99% used [0x00000000c0000000,0x00000000c7514548,0x00000000c7580000)
 Metaspace       used 61930K, committed 63040K, reserved 1114112K
  class space    used 6627K, committed 7104K, reserved 1048576K
}
Event: 7.422 GC heap after
{Heap after GC invocations=88 (full 27):
 PSYoungGen      total 12288K, used 9063K [0x00000000eab00000, 0x00000000eba80000, 0x0000000100000000)
  eden space 9216K, 98% used [0x00000000eab00000,0x00000000eb3d9d50,0x00000000eb400000)
  from space 3072K, 0% used [0x00000000eb400000,0x00000000eb400000,0x00000000eb700000)
  to   space 3072K, 0% used [0x00000000eb700000,0x00000000eb700000,0x00000000eba00000)
 ParOldGen       total 120320K, used 119888K [0x00000000c0000000, 0x00000000c7580000, 0x00000000eab00000)
  object space 120320K, 99% used [0x00000000c0000000,0x00000000c75142f8,0x00000000c7580000)
 Metaspace       used 61930K, committed 63040K, reserved 1114112K
  class space    used 6627K, committed 7104K, reserved 1048576K
}
Event: 7.422 GC heap before
{Heap before GC invocations=89 (full 28):
 PSYoungGen      total 12288K, used 9216K [0x00000000eab00000, 0x00000000eba80000, 0x0000000100000000)
  eden space 9216K, 100% used [0x00000000eab00000,0x00000000eb400000,0x00000000eb400000)
  from space 3072K, 0% used [0x00000000eb400000,0x00000000eb400000,0x00000000eb700000)
  to   space 3072K, 0% used [0x00000000eb700000,0x00000000eb700000,0x00000000eba00000)
 ParOldGen       total 120320K, used 119888K [0x00000000c0000000, 0x00000000c7580000, 0x00000000eab00000)
  object space 120320K, 99% used [0x00000000c0000000,0x00000000c75142f8,0x00000000c7580000)
 Metaspace       used 61930K, committed 63040K, reserved 1114112K
  class space    used 6627K, committed 7104K, reserved 1048576K
}
Event: 7.480 GC heap after
{Heap after GC invocations=89 (full 28):
 PSYoungGen      total 12288K, used 9094K [0x00000000eab00000, 0x00000000eba80000, 0x0000000100000000)
  eden space 9216K, 98% used [0x00000000eab00000,0x00000000eb3e1a38,0x00000000eb400000)
  from space 3072K, 0% used [0x00000000eb700000,0x00000000eb700000,0x00000000eba00000)
  to   space 3072K, 0% used [0x00000000eb400000,0x00000000eb400000,0x00000000eb700000)
 ParOldGen       total 120320K, used 119887K [0x00000000c0000000, 0x00000000c7580000, 0x00000000eab00000)
  object space 120320K, 99% used [0x00000000c0000000,0x00000000c7513eb8,0x00000000c7580000)
 Metaspace       used 61930K, committed 63040K, reserved 1114112K
  class space    used 6627K, committed 7104K, reserved 1048576K
}
Event: 7.481 GC heap before
{Heap before GC invocations=90 (full 29):
 PSYoungGen      total 12288K, used 9214K [0x00000000eab00000, 0x00000000eba80000, 0x0000000100000000)
  eden space 9216K, 99% used [0x00000000eab00000,0x00000000eb3ff978,0x00000000eb400000)
  from space 3072K, 0% used [0x00000000eb700000,0x00000000eb700000,0x00000000eba00000)
  to   space 3072K, 0% used [0x00000000eb400000,0x00000000eb400000,0x00000000eb700000)
 ParOldGen       total 120320K, used 119887K [0x00000000c0000000, 0x00000000c7580000, 0x00000000eab00000)
  object space 120320K, 99% used [0x00000000c0000000,0x00000000c7513eb8,0x00000000c7580000)
 Metaspace       used 61930K, committed 63040K, reserved 1114112K
  class space    used 6627K, committed 7104K, reserved 1048576K
}
Event: 7.524 GC heap after
{Heap after GC invocations=90 (full 29):
 PSYoungGen      total 12288K, used 9111K [0x00000000eab00000, 0x00000000eba80000, 0x0000000100000000)
  eden space 9216K, 98% used [0x00000000eab00000,0x00000000eb3e5c18,0x00000000eb400000)
  from space 3072K, 0% used [0x00000000eb400000,0x00000000eb400000,0x00000000eb700000)
  to   space 3072K, 0% used [0x00000000eb700000,0x00000000eb700000,0x00000000eba00000)
 ParOldGen       total 120320K, used 119887K [0x00000000c0000000, 0x00000000c7580000, 0x00000000eab00000)
  object space 120320K, 99% used [0x00000000c0000000,0x00000000c7513d60,0x00000000c7580000)
 Metaspace       used 61930K, committed 63040K, reserved 1114112K
  class space    used 6627K, committed 7104K, reserved 1048576K
}
Event: 7.525 GC heap before
{Heap before GC invocations=91 (full 30):
 PSYoungGen      total 12288K, used 9212K [0x00000000eab00000, 0x00000000eba80000, 0x0000000100000000)
  eden space 9216K, 99% used [0x00000000eab00000,0x00000000eb3ff2b0,0x00000000eb400000)
  from space 3072K, 0% used [0x00000000eb400000,0x00000000eb400000,0x00000000eb700000)
  to   space 3072K, 0% used [0x00000000eb700000,0x00000000eb700000,0x00000000eba00000)
 ParOldGen       total 120320K, used 119887K [0x00000000c0000000, 0x00000000c7580000, 0x00000000eab00000)
  object space 120320K, 99% used [0x00000000c0000000,0x00000000c7513d60,0x00000000c7580000)
 Metaspace       used 61930K, committed 63040K, reserved 1114112K
  class space    used 6627K, committed 7104K, reserved 1048576K
}

